build-mobileBrowser-Android_Qt_6_2_1_Clang_arm64_v8a-Debug/android-build/build/intermediates/manifest_merge_blame_file/debug/manifest-merger-blame-debug-report.txt
1<?xml version="1.0" encoding="utf-8"?>
2<manifest xmlns:android="http://schemas.android.com/apk/res/android"
3    package="org.indisStudio.simpleBrowser"
4    android:installLocation="auto"
5    android:versionCode="1"
6    android:versionName="lava" >
7
8    <uses-sdk
8-->build-mobileBrowser-Android_Qt_6_2_1_Clang_arm64_v8a-Debug/android-build/AndroidManifest.xml:9:5-73
9        android:minSdkVersion="23"
9-->build-mobileBrowser-Android_Qt_6_2_1_Clang_arm64_v8a-Debug/android-build/AndroidManifest.xml:9:15-41
10        android:targetSdkVersion="30" />
10-->build-mobileBrowser-Android_Qt_6_2_1_Clang_arm64_v8a-Debug/android-build/AndroidManifest.xml:9:42-71
11
12    <uses-permission android:name="android.permission.INTERNET" />
12-->build-mobileBrowser-Android_Qt_6_2_1_Clang_arm64_v8a-Debug/android-build/AndroidManifest.xml:3:5-67
12-->build-mobileBrowser-Android_Qt_6_2_1_Clang_arm64_v8a-Debug/android-build/AndroidManifest.xml:3:22-64
13    <uses-permission android:name="android.permission.WRITE_EXTERNAL_STORAGE" />
13-->build-mobileBrowser-Android_Qt_6_2_1_Clang_arm64_v8a-Debug/android-build/AndroidManifest.xml:4:5-81
13-->build-mobileBrowser-Android_Qt_6_2_1_Clang_arm64_v8a-Debug/android-build/AndroidManifest.xml:4:22-78
14    <uses-permission android:name="android.permission.ACCESS_NETWORK_STATE" />
14-->build-mobileBrowser-Android_Qt_6_2_1_Clang_arm64_v8a-Debug/android-build/AndroidManifest.xml:5:5-79
14-->build-mobileBrowser-Android_Qt_6_2_1_Clang_arm64_v8a-Debug/android-build/AndroidManifest.xml:5:22-76
15    <uses-permission android:name="android.permission.ACCESS_FINE_LOCATION" />
15-->build-mobileBrowser-Android_Qt_6_2_1_Clang_arm64_v8a-Debug/android-build/AndroidManifest.xml:6:5-79
15-->build-mobileBrowser-Android_Qt_6_2_1_Clang_arm64_v8a-Debug/android-build/AndroidManifest.xml:6:22-76
16
17    <supports-screens
17-->build-mobileBrowser-Android_Qt_6_2_1_Clang_arm64_v8a-Debug/android-build/AndroidManifest.xml:11:5-135
18        android:anyDensity="true"
18-->build-mobileBrowser-Android_Qt_6_2_1_Clang_arm64_v8a-Debug/android-build/AndroidManifest.xml:11:23-48
19        android:largeScreens="true"
19-->build-mobileBrowser-Android_Qt_6_2_1_Clang_arm64_v8a-Debug/android-build/AndroidManifest.xml:11:49-76
20        android:normalScreens="true"
20-->build-mobileBrowser-Android_Qt_6_2_1_Clang_arm64_v8a-Debug/android-build/AndroidManifest.xml:11:77-105
21        android:smallScreens="true" />
21-->build-mobileBrowser-Android_Qt_6_2_1_Clang_arm64_v8a-Debug/android-build/AndroidManifest.xml:11:106-133
22
23    <application
23-->build-mobileBrowser-Android_Qt_6_2_1_Clang_arm64_v8a-Debug/android-build/AndroidManifest.xml:12:5-22:19
24        android:name="org.qtproject.qt.android.bindings.QtApplication"
24-->build-mobileBrowser-Android_Qt_6_2_1_Clang_arm64_v8a-Debug/android-build/AndroidManifest.xml:12:18-80
25        android:allowNativeHeapPointerTagging="false"
25-->build-mobileBrowser-Android_Qt_6_2_1_Clang_arm64_v8a-Debug/android-build/AndroidManifest.xml:12:224-269
26        android:debuggable="true"
27        android:extractNativeLibs="true"
27-->build-mobileBrowser-Android_Qt_6_2_1_Clang_arm64_v8a-Debug/android-build/AndroidManifest.xml:12:81-113
28        android:hardwareAccelerated="true"
28-->build-mobileBrowser-Android_Qt_6_2_1_Clang_arm64_v8a-Debug/android-build/AndroidManifest.xml:12:114-148
29        android:icon="@drawable/icon"
29-->build-mobileBrowser-Android_Qt_6_2_1_Clang_arm64_v8a-Debug/android-build/AndroidManifest.xml:12:270-299
30        android:label="браузерХуяузер"
30-->build-mobileBrowser-Android_Qt_6_2_1_Clang_arm64_v8a-Debug/android-build/AndroidManifest.xml:12:149-179
31        android:requestLegacyExternalStorage="true" >
31-->build-mobileBrowser-Android_Qt_6_2_1_Clang_arm64_v8a-Debug/android-build/AndroidManifest.xml:12:180-223
32        <activity
32-->build-mobileBrowser-Android_Qt_6_2_1_Clang_arm64_v8a-Debug/android-build/AndroidManifest.xml:13:9-21:20
33            android:name="org.qtproject.qt.android.bindings.QtActivity"
33-->build-mobileBrowser-Android_Qt_6_2_1_Clang_arm64_v8a-Debug/android-build/AndroidManifest.xml:13:19-78
34            android:configChanges="orientation|uiMode|screenLayout|screenSize|smallestScreenSize|layoutDirection|locale|fontScale|keyboard|keyboardHidden|navigation|mcc|mnc|density"
34-->build-mobileBrowser-Android_Qt_6_2_1_Clang_arm64_v8a-Debug/android-build/AndroidManifest.xml:13:79-248
35            android:label="браузерХуяузер"
35-->build-mobileBrowser-Android_Qt_6_2_1_Clang_arm64_v8a-Debug/android-build/AndroidManifest.xml:13:249-279
36            android:launchMode="singleTop"
36-->build-mobileBrowser-Android_Qt_6_2_1_Clang_arm64_v8a-Debug/android-build/AndroidManifest.xml:13:280-310
37            android:screenOrientation="unspecified" >
37-->build-mobileBrowser-Android_Qt_6_2_1_Clang_arm64_v8a-Debug/android-build/AndroidManifest.xml:13:311-350
38            <intent-filter>
38-->build-mobileBrowser-Android_Qt_6_2_1_Clang_arm64_v8a-Debug/android-build/AndroidManifest.xml:14:13-17:29
39                <action android:name="android.intent.action.MAIN" />
39-->build-mobileBrowser-Android_Qt_6_2_1_Clang_arm64_v8a-Debug/android-build/AndroidManifest.xml:15:17-68
39-->build-mobileBrowser-Android_Qt_6_2_1_Clang_arm64_v8a-Debug/android-build/AndroidManifest.xml:15:25-66
40
41                <category android:name="android.intent.category.LAUNCHER" />
41-->build-mobileBrowser-Android_Qt_6_2_1_Clang_arm64_v8a-Debug/android-build/AndroidManifest.xml:16:17-76
41-->build-mobileBrowser-Android_Qt_6_2_1_Clang_arm64_v8a-Debug/android-build/AndroidManifest.xml:16:27-74
42            </intent-filter>
43
44            <meta-data
44-->build-mobileBrowser-Android_Qt_6_2_1_Clang_arm64_v8a-Debug/android-build/AndroidManifest.xml:18:13-91
45                android:name="android.app.lib_name"
45-->build-mobileBrowser-Android_Qt_6_2_1_Clang_arm64_v8a-Debug/android-build/AndroidManifest.xml:18:24-59
46                android:value="mobileBrowser" />
46-->build-mobileBrowser-Android_Qt_6_2_1_Clang_arm64_v8a-Debug/android-build/AndroidManifest.xml:18:60-89
47            <meta-data
47-->build-mobileBrowser-Android_Qt_6_2_1_Clang_arm64_v8a-Debug/android-build/AndroidManifest.xml:19:13-79
48                android:name="android.app.arguments"
48-->build-mobileBrowser-Android_Qt_6_2_1_Clang_arm64_v8a-Debug/android-build/AndroidManifest.xml:19:24-60
49                android:value="" />
49-->build-mobileBrowser-Android_Qt_6_2_1_Clang_arm64_v8a-Debug/android-build/AndroidManifest.xml:19:61-77
50            <meta-data
50-->build-mobileBrowser-Android_Qt_6_2_1_Clang_arm64_v8a-Debug/android-build/AndroidManifest.xml:20:13-98
51                android:name="android.app.extract_android_style"
51-->build-mobileBrowser-Android_Qt_6_2_1_Clang_arm64_v8a-Debug/android-build/AndroidManifest.xml:20:24-72
52                android:value="minimal" />
52-->build-mobileBrowser-Android_Qt_6_2_1_Clang_arm64_v8a-Debug/android-build/AndroidManifest.xml:20:73-96
53        </activity>
54    </application>
55
56</manifest>